[    0.000000] Linux version 4.15.0-69-generic (buildd@lgw01-amd64-032) (gcc version 7.4.0 (Ubuntu 7.4.0-1ubuntu1~18.04.1)) #78-Ubuntu SMP Wed Nov 6 11:30:24 UTC 2019 (Ubuntu 4.15.0-69.78-generic 4.15.18)
[    0.000000] Command line: BOOT_IMAGE=/boot/vmlinuz-4.15.0-69-generic root=LABEL=cloudimg-rootfs ro console=tty1 console=ttyS0
[    0.000000] KERNEL supported cpus:
[    0.000000]   Intel GenuineIntel
[    0.000000]   AMD AuthenticAMD
[    0.000000]   Centaur CentaurHauls
[    0.000000] x86/fpu: Supporting XSAVE feature 0x001: 'x87 floating point registers'
[    0.000000] x86/fpu: Supporting XSAVE feature 0x002: 'SSE registers'
[    0.000000] x86/fpu: Supporting XSAVE feature 0x004: 'AVX registers'
[    0.000000] x86/fpu: xstate_offset[2]:  576, xstate_sizes[2]:  256
[    0.000000] x86/fpu: Enabled xstate features 0x7, context size is 832 bytes, using 'standard' format.
[    0.000000] e820: BIOS-provided physical RAM map:
[    0.000000] BIOS-e820: [mem 0x0000000000000000-0x000000000009fbff] usable
[    0.000000] BIOS-e820: [mem 0x000000000009fc00-0x000000000009ffff] reserved
[    0.000000] BIOS-e820: [mem 0x00000000000f0000-0x00000000000fffff] reserved
[    0.000000] BIOS-e820: [mem 0x0000000000100000-0x000000003ffeffff] usable
[    0.000000] BIOS-e820: [mem 0x000000003fff0000-0x000000003fffffff] ACPI data
[    0.000000] BIOS-e820: [mem 0x00000000fec00000-0x00000000fec00fff] reserved
[    0.000000] BIOS-e820: [mem 0x00000000fee00000-0x00000000fee00fff] reserved
[    0.000000] BIOS-e820: [mem 0x00000000fffc0000-0x00000000ffffffff] reserved
[    0.000000] NX (Execute Disable) protection: active
[    0.000000] SMBIOS 2.5 present.
[    0.000000] DMI: innotek GmbH VirtualBox/VirtualBox, BIOS VirtualBox 12/01/2006
[    0.000000] Hypervisor detected: KVM
[    0.000000] e820: last_pfn = 0x3fff0 max_arch_pfn = 0x400000000
[    0.000000] MTRR: Disabled
[    0.000000] x86/PAT: MTRRs disabled, skipping PAT initialization too.
[    0.000000] CPU MTRRs all blank - virtualized system.
[    0.000000] x86/PAT: Configuration [0-7]: WB  WT  UC- UC  WB  WT  UC- UC  
[    0.000000] found SMP MP-table at [mem 0x0009fff0-0x0009ffff]
[    0.000000] Scanning 1 areas for low memory corruption
[    0.000000] RAMDISK: [mem 0x35979000-0x36cb3fff]
[    0.000000] ACPI: Early table checksum verification disabled
[    0.000000] ACPI: RSDP 0x00000000000E0000 000024 (v02 VBOX  )
[    0.000000] ACPI: XSDT 0x000000003FFF0030 00003C (v01 VBOX   VBOXXSDT 00000001 ASL  00000061)
[    0.000000] ACPI: FACP 0x000000003FFF00F0 0000F4 (v04 VBOX   VBOXFACP 00000001 ASL  00000061)
[    0.000000] ACPI: DSDT 0x000000003FFF0470 0022EA (v02 VBOX   VBOXBIOS 00000002 INTL 20100528)
[    0.000000] ACPI: FACS 0x000000003FFF0200 000040
[    0.000000] ACPI: FACS 0x000000003FFF0200 000040
[    0.000000] ACPI: APIC 0x000000003FFF0240 00005C (v02 VBOX   VBOXAPIC 00000001 ASL  00000061)
[    0.000000] ACPI: SSDT 0x000000003FFF02A0 0001CC (v01 VBOX   VBOXCPUT 00000002 INTL 20100528)
[    0.000000] No NUMA configuration found
[    0.000000] Faking a node at [mem 0x0000000000000000-0x000000003ffeffff]
[    0.000000] NODE_DATA(0) allocated [mem 0x3ffc5000-0x3ffeffff]
[    0.000000] kvm-clock: cpu 0, msr 0:3ff44001, primary cpu clock
[    0.000000] kvm-clock: Using msrs 4b564d01 and 4b564d00
[    0.000000] kvm-clock: using sched offset of 4247844530 cycles
[    0.000000] clocksource: kvm-clock: mask: 0xffffffffffffffff max_cycles: 0x1cd42e4dffb, max_idle_ns: 881590591483 ns
[    0.000000] Zone ranges:
[    0.000000]   DMA      [mem 0x0000000000001000-0x0000000000ffffff]
[    0.000000]   DMA32    [mem 0x0000000001000000-0x000000003ffeffff]
[    0.000000]   Normal   empty
[    0.000000]   Device   empty
[    0.000000] Movable zone start for each node
[    0.000000] Early memory node ranges
[    0.000000]   node   0: [mem 0x0000000000001000-0x000000000009efff]
[    0.000000]   node   0: [mem 0x0000000000100000-0x000000003ffeffff]
[    0.000000] Reserved but unavailable: 98 pages
[    0.000000] Initmem setup node 0 [mem 0x0000000000001000-0x000000003ffeffff]
[    0.000000] ACPI: PM-Timer IO Port: 0x4008
[    0.000000] IOAPIC[0]: apic_id 2, version 32, address 0xfec00000, GSI 0-23
[    0.000000] ACPI: INT_SRC_OVR (bus 0 bus_irq 0 global_irq 2 dfl dfl)
[    0.000000] ACPI: INT_SRC_OVR (bus 0 bus_irq 9 global_irq 9 low level)
[    0.000000] Using ACPI (MADT) for SMP configuration information
[    0.000000] smpboot: Allowing 2 CPUs, 0 hotplug CPUs
[    0.000000] PM: Registered nosave memory: [mem 0x00000000-0x00000fff]
[    0.000000] PM: Registered nosave memory: [mem 0x0009f000-0x0009ffff]
[    0.000000] PM: Registered nosave memory: [mem 0x000a0000-0x000effff]
[    0.000000] PM: Registered nosave memory: [mem 0x000f0000-0x000fffff]
[    0.000000] e820: [mem 0x40000000-0xfebfffff] available for PCI devices
[    0.000000] Booting paravirtualized kernel on KVM
[    0.000000] clocksource: refined-jiffies: mask: 0xffffffff max_cycles: 0xffffffff, max_idle_ns: 7645519600211568 ns
[    0.000000] random: get_random_bytes called from start_kernel+0x99/0x4fd with crng_init=0
[    0.000000] setup_percpu: NR_CPUS:8192 nr_cpumask_bits:2 nr_cpu_ids:2 nr_node_ids:1
[    0.000000] percpu: Embedded 45 pages/cpu s147456 r8192 d28672 u1048576
[    0.000000] PV qspinlock hash table entries: 256 (order: 0, 4096 bytes)
[    0.000000] Built 1 zonelists, mobility grouping on.  Total pages: 257913
[    0.000000] Policy zone: DMA32
[    0.000000] Kernel command line: BOOT_IMAGE=/boot/vmlinuz-4.15.0-69-generic root=LABEL=cloudimg-rootfs ro console=tty1 console=ttyS0
[    0.000000] Memory: 982896K/1048120K available (12300K kernel code, 2481K rwdata, 4264K rodata, 2432K init, 2388K bss, 65224K reserved, 0K cma-reserved)
[    0.000000] SLUB: HWalign=64, Order=0-3, MinObjects=0, CPUs=2, Nodes=1
[    0.000000] Kernel/User page tables isolation: enabled
[    0.000000] ftrace: allocating 39315 entries in 154 pages
[    0.004000] Hierarchical RCU implementation.
[    0.004000] 	RCU restricting CPUs from NR_CPUS=8192 to nr_cpu_ids=2.
[    0.004000] 	Tasks RCU enabled.
[    0.004000] RCU: Adjusting geometry for rcu_fanout_leaf=16, nr_cpu_ids=2
[    0.004000] NR_IRQS: 524544, nr_irqs: 440, preallocated irqs: 16
[    0.004000] Console: colour VGA+ 80x25
[    0.004000] console [tty1] enabled
[    0.004000] console [ttyS0] enabled
[    0.004000] ACPI: Core revision 20170831
[    0.004000] ACPI: 2 ACPI AML tables successfully acquired and loaded
[    0.004000] APIC: Switch to symmetric I/O mode setup
[    0.004000] x2apic enabled
[    0.004000] Switched APIC routing to physical x2apic.
[    0.004000] ..TIMER: vector=0x30 apic1=0 pin1=2 apic2=-1 pin2=-1
[    0.004004] tsc: Detected 1607.999 MHz processor
[    0.005117] Calibrating delay loop (skipped) preset value.. 3215.99 BogoMIPS (lpj=6431996)
[    0.008002] pid_max: default: 32768 minimum: 301
[    0.009139] Security Framework initialized
[    0.010135] Yama: becoming mindful.
[    0.011017] AppArmor: AppArmor initialized
[    0.013614] Dentry cache hash table entries: 131072 (order: 8, 1048576 bytes)
[    0.015433] Inode-cache hash table entries: 65536 (order: 7, 524288 bytes)
[    0.016016] Mount-cache hash table entries: 2048 (order: 2, 16384 bytes)
[    0.017587] Mountpoint-cache hash table entries: 2048 (order: 2, 16384 bytes)
[    0.020275] Last level iTLB entries: 4KB 64, 2MB 8, 4MB 8
[    0.021569] Last level dTLB entries: 4KB 64, 2MB 0, 4MB 0, 1GB 4
[    0.024002] Spectre V1 : Mitigation: usercopy/swapgs barriers and __user pointer sanitization
[    0.026021] Spectre V2 : Mitigation: Full generic retpoline
[    0.027340] Spectre V2 : Spectre v2 / SpectreRSB mitigation: Filling RSB on context switch
[    0.028001] Speculative Store Bypass: Vulnerable
[    0.029156] MDS: Mitigation: Clear CPU buffers
[    0.030400] Freeing SMP alternatives memory: 36K
[    0.143301] smpboot: CPU0: Intel(R) Core(TM) i5-8210Y CPU @ 1.60GHz (family: 0x6, model: 0x8e, stepping: 0x9)
[    0.144338] Performance Events: unsupported p6 CPU model 142 no PMU driver, software events only.
[    0.148051] Hierarchical SRCU implementation.
[    0.152219] NMI watchdog: Perf event create on CPU 0 failed with -2
[    0.155862] NMI watchdog: Perf NMI watchdog permanently disabled
[    0.156248] smp: Bringing up secondary CPUs ...
[    0.160205] x86: Booting SMP configuration:
[    0.162313] .... node  #0, CPUs:      #1
[    0.004000] kvm-clock: cpu 1, msr 0:3ff44041, secondary cpu clock
[    0.170332] smp: Brought up 1 node, 2 CPUs
[    0.172007] smpboot: Max logical packages: 1
[    0.174394] smpboot: Total of 2 processors activated (6431.99 BogoMIPS)
[    0.176137] devtmpfs: initialized
[    0.180049] x86/mm: Memory block size: 128MB
[    0.181350] evm: security.selinux
[    0.182364] evm: security.SMACK64
[    0.183191] evm: security.SMACK64EXEC
[    0.184003] evm: security.SMACK64TRANSMUTE
[    0.184999] evm: security.SMACK64MMAP
[    0.185938] evm: security.apparmor
[    0.186998] evm: security.ima
[    0.188011] evm: security.capability
[    0.192128] clocksource: jiffies: mask: 0xffffffff max_cycles: 0xffffffff, max_idle_ns: 7645041785100000 ns
[    0.196034] futex hash table entries: 512 (order: 3, 32768 bytes)
[    0.201920] pinctrl core: initialized pinctrl subsystem
[    0.204178] RTC time:  6:32:05, date: 11/28/19
[    0.208246] NET: Registered protocol family 16
[    0.210164] audit: initializing netlink subsys (disabled)
[    0.212037] audit: type=2000 audit(1574922731.299:1): state=initialized audit_enabled=0 res=1
[    0.212227] cpuidle: using governor ladder
[    0.216010] cpuidle: using governor menu
[    0.217436] ACPI: bus type PCI registered
[    0.218619] acpiphp: ACPI Hot Plug PCI Controller Driver version: 0.5
[    0.220129] PCI: Using configuration type 1 for base access
[    0.224077] HugeTLB registered 2.00 MiB page size, pre-allocated 0 pages
[    0.225628] ACPI: Added _OSI(Module Device)
[    0.225628] ACPI: Added _OSI(Processor Device)
[    0.228004] ACPI: Added _OSI(3.0 _SCP Extensions)
[    0.229134] ACPI: Added _OSI(Processor Aggregator Device)
[    0.230565] ACPI: Added _OSI(Linux-Dell-Video)
[    0.232003] ACPI: Added _OSI(Linux-Lenovo-NV-HDMI-Audio)
[    0.233274] ACPI: Added _OSI(Linux-HPI-Hybrid-Graphics)
[    0.235065] ACPI: Executed 1 blocks of module-level executable AML code
[    0.239286] ACPI: Interpreter enabled
[    0.240015] ACPI: (supports S0 S5)
[    0.241071] ACPI: Using IOAPIC for interrupt routing
[    0.242551] PCI: Using host bridge windows from ACPI; if necessary, use "pci=nocrs" and report a bug
[    0.244230] ACPI: Enabled 2 GPEs in block 00 to 07
[    0.254025] ACPI: PCI Root Bridge [PCI0] (domain 0000 [bus 00-ff])
[    0.256008] acpi PNP0A03:00: _OSC: OS supports [ASPM ClockPM Segments MSI]
[    0.258822] acpi PNP0A03:00: _OSC: not requesting OS control; OS requires [ExtendedConfig ASPM ClockPM MSI]
[    0.260015] acpi PNP0A03:00: fail to add MMCONFIG information, can't access extended PCI configuration space under this bridge.
[    0.264488] PCI host bridge to bus 0000:00
[    0.265873] pci_bus 0000:00: root bus resource [io  0x0000-0x0cf7 window]
[    0.268004] pci_bus 0000:00: root bus resource [io  0x0d00-0xffff window]
[    0.269749] pci_bus 0000:00: root bus resource [mem 0x000a0000-0x000bffff window]
[    0.272004] pci_bus 0000:00: root bus resource [mem 0x40000000-0xfdffffff window]
[    0.274457] pci_bus 0000:00: root bus resource [bus 00-ff]
[    0.280470] pci 0000:00:01.1: legacy IDE quirk: reg 0x10: [io  0x01f0-0x01f7]
[    0.282593] pci 0000:00:01.1: legacy IDE quirk: reg 0x14: [io  0x03f6]
[    0.284004] pci 0000:00:01.1: legacy IDE quirk: reg 0x18: [io  0x0170-0x0177]
[    0.285704] pci 0000:00:01.1: legacy IDE quirk: reg 0x1c: [io  0x0376]
[    0.308938] pci 0000:00:07.0: quirk: [io  0x4000-0x403f] claimed by PIIX4 ACPI
[    0.311874] pci 0000:00:07.0: quirk: [io  0x4100-0x410f] claimed by PIIX4 SMB
[    0.326406] ACPI: PCI Interrupt Link [LNKA] (IRQs 5 9 10 *11)
[    0.328351] ACPI: PCI Interrupt Link [LNKB] (IRQs 5 9 *10 11)
[    0.330297] ACPI: PCI Interrupt Link [LNKC] (IRQs 5 *9 10 11)
[    0.332143] ACPI: PCI Interrupt Link [LNKD] (IRQs 5 9 10 *11)
[    0.333969] SCSI subsystem initialized
[    0.336096] pci 0000:00:02.0: vgaarb: setting as boot VGA device
[    0.338014] pci 0000:00:02.0: vgaarb: VGA device added: decodes=io+mem,owns=io+mem,locks=none
[    0.338014] pci 0000:00:02.0: vgaarb: bridge control possible
[    0.340005] vgaarb: loaded
[    0.340951] ACPI: bus type USB registered
[    0.342431] usbcore: registered new interface driver usbfs
[    0.343911] usbcore: registered new interface driver hub
[    0.344023] usbcore: registered new device driver usb
[    0.348042] EDAC MC: Ver: 3.0.0
[    0.348042] PCI: Using ACPI for IRQ routing
[    0.352009] NetLabel: Initializing
[    0.352009] NetLabel:  domain hash size = 128
[    0.352009] NetLabel:  protocols = UNLABELED CIPSOv4 CALIPSO
[    0.353399] NetLabel:  unlabeled traffic allowed by default
[    0.356082] clocksource: Switched to clocksource kvm-clock
[    0.370141] VFS: Disk quotas dquot_6.6.0
[    0.371769] VFS: Dquot-cache hash table entries: 512 (order 0, 4096 bytes)
[    0.373760] AppArmor: AppArmor Filesystem Enabled
[    0.374935] pnp: PnP ACPI init
[    0.377230] pnp: PnP ACPI: found 3 devices
[    0.383744] clocksource: acpi_pm: mask: 0xffffff max_cycles: 0xffffff, max_idle_ns: 2085701024 ns
[    0.386484] NET: Registered protocol family 2
[    0.388352] TCP established hash table entries: 8192 (order: 4, 65536 bytes)
[    0.390075] TCP bind hash table entries: 8192 (order: 5, 131072 bytes)
[    0.393168] TCP: Hash tables configured (established 8192 bind 8192)
[    0.394740] UDP hash table entries: 512 (order: 2, 16384 bytes)
[    0.396167] UDP-Lite hash table entries: 512 (order: 2, 16384 bytes)
[    0.397784] NET: Registered protocol family 1
[    0.398856] pci 0000:00:00.0: Limiting direct PCI/PCI transfers
[    0.400310] pci 0000:00:01.0: Activating ISA DMA hang workarounds
[    0.401825] pci 0000:00:02.0: Video device with shadowed ROM at [mem 0x000c0000-0x000dffff]
[    0.403958] Unpacking initramfs...
[    0.679815] Freeing initrd memory: 19692K
[    0.681672] clocksource: tsc: mask: 0xffffffffffffffff max_cycles: 0x172da94f0e2, max_idle_ns: 440795278248 ns
[    0.684187] platform rtc_cmos: registered platform RTC device (no PNP device found)
[    0.686089] Scanning for low memory corruption every 60 seconds
[    0.688425] Initialise system trusted keyrings
[    0.689531] Key type blacklist registered
[    0.690665] workingset: timestamp_bits=36 max_order=18 bucket_order=0
[    0.693150] zbud: loaded
[    0.694415] squashfs: version 4.0 (2009/01/31) Phillip Lougher
[    0.696197] fuse init (API version 7.26)
[    0.699716] Key type asymmetric registered
[    0.700966] Asymmetric key parser 'x509' registered
[    0.702499] Block layer SCSI generic (bsg) driver version 0.4 loaded (major 246)
[    0.704371] io scheduler noop registered
[    0.705586] io scheduler deadline registered
[    0.706654] io scheduler cfq registered (default)
[    0.708458] ACPI: AC Adapter [AC] (off-line)
[    0.709570] input: Power Button as /devices/LNXSYSTM:00/LNXPWRBN:00/input/input0
[    0.711464] ACPI: Power Button [PWRF]
[    0.713047] input: Sleep Button as /devices/LNXSYSTM:00/LNXSLPBN:00/input/input1
[    0.715129] ACPI: Sleep Button [SLPF]
[    0.716532] Serial: 8250/16550 driver, 32 ports, IRQ sharing enabled
    0.719579] ACPI: Battery Slot [BAT0] (battery present)
[    0.739608] 00:02: ttyS0 at I/O 0x3f8 (irq = 4, base_baud = 115200) is a 16550A
[    0.746706] Linux agpgart interface v0.103
[    0.750360] loop: module loaded
[    0.752176] scsi host0: ata_piix
[    0.753764] scsi host1: ata_piix
[    0.754642] ata1: PATA max UDMA/33 cmd 0x1f0 ctl 0x3f6 bmdma 0xd000 irq 14
[    0.756268] ata2: PATA max UDMA/33 cmd 0x170 ctl 0x376 bmdma 0xd008 irq 15
[    0.758045] libphy: Fixed MDIO Bus: probed
[    0.759332] tun: Universal TUN/TAP device driver, 1.6
[    0.760669] PPP generic driver version 2.4.2
[    0.761757] ehci_hcd: USB 2.0 'Enhanced' Host Controller (EHCI) Driver
[    0.763300] ehci-pci: EHCI PCI platform driver
[    0.764502] ehci-platform: EHCI generic platform driver
[    0.765781] ohci_hcd: USB 1.1 'Open' Host Controller (OHCI) Driver
[    0.767237] ohci-pci: OHCI PCI platform driver
[    0.768329] ohci-platform: OHCI generic platform driver
[    0.769581] uhci_hcd: USB Universal Host Controller Interface driver
[    0.771129] i8042: PNP: PS/2 Controller [PNP0303:PS2K,PNP0f03:PS2M] at 0x60,0x64 irq 1,12
[    0.773868] serio: i8042 KBD port at 0x60,0x64 irq 1
[    0.775770] serio: i8042 AUX port at 0x60,0x64 irq 12
[    0.777444] mousedev: PS/2 mouse device common for all mice
[    0.779046] input: AT Translated Set 2 keyboard as /devices/platform/i8042/serio0/input/input2
[    0.781661] rtc_cmos rtc_cmos: rtc core: registered rtc_cmos as rtc0
[    0.783271] rtc_cmos rtc_cmos: alarms up to one day, 114 bytes nvram
[    0.785061] i2c /dev entries driver
[    0.786016] device-mapper: uevent: version 1.0.3
[    0.787277] device-mapper: ioctl: 4.37.0-ioctl (2017-09-20) initialised: dm-devel@redhat.com
[    0.789726] ledtrig-cpu: registered to indicate activity on CPUs
[    0.792073] NET: Registered protocol family 10
[    0.797384] Segment Routing with IPv6
[    0.798326] NET: Registered protocol family 17
[    0.799474] Key type dns_resolver registered
[    0.801449] mce: Using 0 MCE banks
[    0.802837] RAS: Correctable Errors collector initialized.
[    0.804159] sched_clock: Marking stable (801412542, 0)->(996695499, -195282957)
[    0.806776] registered taskstats version 1
[    0.807806] Loading compiled-in X.509 certificates
[    0.811326] Loaded X.509 cert 'Build time autogenerated kernel key: 88c1228587abe43602f5ab453a9ce39f69a9487d'
[    0.814576] zswap: loaded using pool lzo/zbud
[    0.820097] Key type big_key registered
[    0.821620] Key type trusted registered
[    0.824245] Key type encrypted registered
[    0.825588] AppArmor: AppArmor sha1 policy hashing enabled
[    0.827260] ima: No TPM chip found, activating TPM-bypass! (rc=-19)
[    0.828849] ima: Allocated hash algorithm: sha1
[    0.830004] evm: HMAC attrs: 0x1
[    0.831197]   Magic number: 11:248:520
[    0.832270] rtc_cmos rtc_cmos: setting system clock to 2019-11-28 06:32:06 UTC (1574922726)
[    0.834924] BIOS EDD facility v0.16 2004-Jun-25, 0 devices found
[    0.837011] EDD information not available.
[    0.928021] Freeing unused kernel image memory: 2432K
[    0.955540] Write protecting the kernel read-only data: 20480k
[    0.958603] Freeing unused kernel image memory: 2008K
[    0.960432] Freeing unused kernel image memory: 1880K
[    0.967487] x86/mm: Checked W+X mappings: passed, no W+X pages found.
[    0.969735] x86/mm: Checking user space page tables
[    0.976341] x86/mm: Checked W+X mappings: passed, no W+X pages found.
Loading, please wait...
starting version 237
[    1.058993] e1000: Intel(R) PRO/1000 Network Driver - version 7.3.21-k8-NAPI
[    1.061373] e1000: Copyright (c) 1999-2006 Intel Corporation.
[    1.080236] Fusion MPT base driver 3.04.20
[    1.081359] Copyright (c) 1999-2008 LSI Corporation
[    1.091396] Fusion MPT SPI Host driver 3.04.20
[    1.098644] vboxvideo: loading out-of-tree module taints kernel.
[    1.102635] AVX2 version of gcm_enc/dec engaged.
[    1.103209] vboxvideo: module verification failed: signature and/or required key missing - tainting kernel
[    1.103809] AES CTR mode by8 optimization enabled
[    1.283949] input: ImExPS/2 Generic Explorer Mouse as /devices/platform/i8042/serio1/input/input4
[    1.526585] e1000 0000:00:03.0 eth0: (PCI:33MHz:32-bit) 02:1b:44:23:19:f6
[    1.529006] e1000 0000:00:03.0 eth0: Intel(R) PRO/1000 Network Connection
[    1.931078] e1000 0000:00:08.0 eth1: (PCI:33MHz:32-bit) 08:00:27:8e:29:dc
[    1.933505] e1000 0000:00:08.0 eth1: Intel(R) PRO/1000 Network Connection
[    1.936812] e1000 0000:00:08.0 enp0s8: renamed from eth1
[    1.938258] mptbase: ioc0: Initiating bringup
[    1.952909] e1000 0000:00:03.0 enp0s3: renamed from eth0
[    2.033478] ioc0: LSI53C1030 A0: Capabilities={Initiator}
[    2.281642] scsi host2: ioc0: LSI53C1030 A0, FwRev=00000000h, Ports=1, MaxQ=256, IRQ=20
[    2.453833] scsi 2:0:0:0: Direct-Access     VBOX     HARDDISK         1.0  PQ: 0 ANSI: 5
[    2.457524] [drm] VRAM 01000000
[    2.459139] [TTM] Zone  kernel: Available graphics memory: 504472 kiB
[    2.461181] [TTM] Initializing pool allocator
[    2.462418] [TTM] Initializing DMA pool allocator
[    2.465627] fbcon: vboxdrmfb (fb0) is primary device
[    2.467509] Console: switching to colour frame buffer device 100x37
[    2.471041] vboxvideo 0000:00:02.0: fb0: vboxdrmfb frame buffer device
[    2.480719] scsi target2:0:0: Beginning Domain Validation
[    2.484701] scsi target2:0:0: Domain Validation skipping write tests
[    2.486459] scsi target2:0:0: Ending Domain Validation
[    2.488231] scsi target2:0:0: asynchronous
[    2.489660] scsi 2:0:1:0: Direct-Access     VBOX     HARDDISK         1.0  PQ: 0 ANSI: 5
[    2.492603] [drm] Initialized vboxvideo 1.0.0 20130823 for 0000:00:02.0 on minor 0
[    2.535455] scsi target2:0:1: Beginning Domain Validation
[    2.538367] random: fast init done
[    2.539346] scsi target2:0:1: Domain Validation skipping write tests
[    2.540887] scsi target2:0:1: Ending Domain Validation
[    2.542294] scsi target2:0:1: asynchronous
[    2.548084] random: systemd-udevd: uninitialized urandom read (16 bytes read)
[    2.549815] random: systemd-udevd: uninitialized urandom read (16 bytes read)
[    2.551421] random: systemd-udevd: uninitialized urandom read (16 bytes read)
[    2.553413] sd 2:0:0:0: [sda] 20971520 512-byte logical blocks: (10.7 GB/10.0 GiB)
[    2.555154] sd 2:0:0:0: [sda] Write Protect is off
[    2.556563] sd 2:0:0:0: [sda] Incomplete mode parameter data
[    2.557925] sd 2:0:0:0: [sda] Assuming drive cache: write through
[    2.559771] sd 2:0:0:0: Attached scsi generic sg0 type 0
[    2.562715] sd 2:0:1:0: [sdb] 20480 512-byte logical blocks: (10.5 MB/10.0 MiB)
[    2.562728] sd 2:0:1:0: Attached scsi generic sg1 type 0
[    2.565163]  sda: sda1
[    2.567590] sd 2:0:1:0: [sdb] Write Protect is off
[    2.570105] sd 2:0:1:0: [sdb] Incomplete mode parameter data
[    2.571683] sd 2:0:1:0: [sdb] Assuming drive cache: write through
[    2.573909] sd 2:0:0:0: [sda] Attached SCSI disk
[    2.577813] sd 2:0:1:0: [sdb] Attached SCSI disk
Begin: Loading essential drivers ... [    2.752382] raid6: sse2x1   gen() 11739 MB/s
[    2.802102] raid6: sse2x1   xor()  9198 MB/s
[    2.848017] raid6: sse2x2   gen() 14508 MB/s
[    2.896639] raid6: sse2x2   xor()  7609 MB/s
[    2.948329] raid6: sse2x4   gen() 12429 MB/s
[    2.996533] raid6: sse2x4   xor()  5110 MB/s
[    3.048398] raid6: avx2x1   gen() 22750 MB/s
[    3.096397] raid6: avx2x1   xor()  7907 MB/s
[    3.144390] raid6: avx2x2   gen() 24748 MB/s
[    3.196941] raid6: avx2x2   xor() 12196 MB/s
[    3.244931] raid6: avx2x4   gen() 30306 MB/s
[    3.292457] raid6: avx2x4   xor() 16018 MB/s
[    3.295061] raid6: using algorithm avx2x4 gen() 30306 MB/s
[    3.301207] raid6: .... xor() 16018 MB/s, rmw enabled
[    3.305315] raid6: using avx2x2 recovery algorithm
[    3.318288] xor: automatically using best checksumming function   avx       
[    3.322191] async_tx: api initialized (async)
done.
Begin: Running /scripts/init-premount ... done.
Begin: Mounting root file system ... Begin: Running /scripts/local-top ... done.
Begin: Running /scripts/local-premount ... [    3.371576] Btrfs loaded, crc32c=crc32c-intel
Scanning for Btrfs filesystems
done.
Warning: fsck not present, so skipping root file system
[    3.437237] EXT4-fs (sda1): INFO: recovery required on readonly filesystem
[    3.439404] EXT4-fs (sda1): write access will be enabled during recovery
[    3.588013] EXT4-fs (sda1): recovery complete
[    3.591422] EXT4-fs (sda1): mounted filesystem with ordered data mode. Opts: (null)
done.
Begin: Running /scripts/local-bottom ... done.
Begin: Running /scripts/init-bottom ... done.
[    3.880869] ip_tables: (C) 2000-2006 Netfilter Core Team
[    3.897311] systemd[1]: systemd 237 running in system mode. (+PAM +AUDIT +SELINUX +IMA +APPARMOR +SMACK +SYSVINIT +UTMP +LIBCRYPTSETUP +GCRYPT +GNUTLS +ACL +XZ +LZ4 +SECCOMP +BLKID +ELFUTILS +KMOD -IDN2 +IDN -PCRE2 default-hierarchy=hybrid)
[    3.909184] systemd[1]: Detected virtualization oracle.
[    3.912740] systemd[1]: Detected architecture x86-64.

Welcome to [1mUbuntu 18.04.3 LTS[0m!

[    3.934681] systemd[1]: Set hostname to <ubuntu-bionic>.
[    4.341668] systemd[1]: Created slice User and Session Slice.
[[0;32m  OK  [0m] Created slice User and Session Slice.
[    4.345480] systemd[1]: Reached target Swap.
[[0;32m  OK  [0m] Reached target Swap.
[    4.360301] systemd[1]: Reached target User and Group Name Lookups.
[[0;32m  OK  [0m] Reached target User and Group Name Lookups.
[    4.363450] systemd[1]: Started Forward Password Requests to Wall Directory Watch.
[[0;32m  OK  [0m] Started Forward Password Requests to Wall Directory Watch.
[    4.367590] systemd[1]: Reached target System Time Synchronized.
[[0;32m  OK  [0m] Reached target System Time Synchronized.
[    4.381930] systemd[1]: Created slice System Slice.
[[0;32m  OK  [0m] Created slice System Slice.
[[0;32m  OK  [0m] Listening on Syslog Socket.
[[0;32m  OK  [0m] Listening on LVM2 metadata daemon socket.
[[0;32m  OK  [0m] Listening on /dev/initctl Compatibility Named Pipe.
[[0;32m  OK  [0m] Listening on Journal Socket.
         Starting Load Kernel Modules...
         Starting Set the console keyboard layout...
         Mounting POSIX Message Queue File System...
[[0;32m  OK  [0m] Listening on Journal Audit Socket.
         [    4.438839] Loading iSCSI transport class v2.0-870.
Mounting Huge Pages File System...
         Starting Create list of required st…ce nodes for the current kernel...
[[0;32m  OK  [0m] Listening on Device-mapper event daemon FIFOs.
[    4.451045] iscsi: registered transport (tcp)
[[0;32m  OK  [0m] Created slice system-serial\x2dgetty.slice.
[[0;32m  OK  [0m] Listening on Journal Socket (/dev/log).
[[0;32m  OK  [0m] Listening on udev Control Socket.
[    4.472534] iscsi: registered transport (iser)
         Starting Uncomplicated firewall...
[[0;32m  OK  [0m] Reached target Slices.
         Starting Journal Service...
         Mounting Kernel Debug File System...
[[0;32m  OK  [0m] Listening on Network Service Netlink Socket.
[[0;32m  OK  [0m] Listening on udev Kernel Socket.
         Starting udev Coldplug all Devices...
[[0;32m  OK  [0m] Listening on LVM2 poll daemon socket.
         Starting Monitoring of LVM2 mirrors…ng dmeventd or progress polling...
         Starting Remount Root and Kernel File Systems...
[[0;32m  OK  [0m] Set up automount Arbitrary Executab…rmats File System Automount Point.
[[0;32m  OK  [0m] Started Journal Service.
[[0;32m  OK  [0m] Started Load Kernel Modules.
[[0;32m  OK  [0m] Mounted POSIX Message Queue File System.
[[0;32m  OK  [0m] Mounted Huge Pages File System.
[[0;32m  OK  [0m] Started Create list of required sta…vice nodes for the current kernel.
[[0;32m  OK  [0m] Started Uncomplicated firewall.
[[0;32m  OK  [0m] Mounted Kernel Debug File System.
[    4.585421] EXT4-fs (sda1): re-mounted. Opts: (null)
[[0;32m  OK  [0m] Started Remount Root and Kernel File Systems.
         Starting Load/Save Random Seed...
[[0;32m  OK  [0m] Started LVM2 metadata daemon.
         Starting Create Static Device Nodes in /dev...
         Mounting Kernel Configuration File System...
         Starting Apply Kernel Variables...
         Mounting FUSE Control File System...
         Starting Flush Journal to Persistent Storage...
[[0;32m  OK  [0m] Mounted FUSE Control File System.
[[0;32m  OK  [0m] Mounted Kernel Configuration File System.
[[0;32m  OK  [0m] Started udev Coldplug all Devices.
[[0;32m  OK  [0m] Started Create Static Device Nodes in /dev.
         Starting udev Kernel Device Manager...
[[0;32m  OK  [0m] Started Load/Save Random Seed.
[[0;32m  OK  [0m] Started Monitoring of LVM2 mirrors,…sing dmeventd or progress polling.
[[0;32m  OK  [0m] Started Set the console keyboard layout.
[[0;32m  OK  [0m] Reached target Local File Systems (Pre).
[[0;32m  OK  [0m] Reached target Local File Systems.
         Starting Set console font and keymap...
         Starting ebtables ruleset management...
         Starting AppArmor initialization...
         Starting Tell Plymouth To Write Out Runtime Data...
[[0;32m  OK  [0m] Started udev Kernel Device Manager.
[[0;32m  OK  [0m] Started Dispatch Password Requests to Console Directory Watch.
[[0;32m  OK  [0m] Reached target Local Encrypted Volumes.
[[0;32m  OK  [0m] Started Apply Kernel Variables.
[[0;32m  OK  [0m] Started Set console font and keymap.
[[0;32m  OK  [0m] Started Tell Plymouth To Write Out Runtime Data.
[[0;32m  OK  [0m] Started ebtables ruleset management.
[[0;32m  OK  [0m] Started Flush Journal to Persistent Storage.
         Starting Create Volatile Files and Directories...
[[0;32m  OK  [0m] Started Create Volatile Files and Directories.
         Starting Update UTMP about System Boot/Shutdown...
[[0;32m  OK  [0m] Started Update UTMP about System Boot/Shutdown.
[[0;32m  OK  [0m] Found device /dev/ttyS0.
[[0;32m  OK  [0m] Listening on Load/Save RF Kill Switch Status /dev/rfkill Watch.
[[0;32m  OK  [0m] Started AppArmor initialization.
         Starting Initial cloud-init job (pre-networking)...
[    6.856531] cloud-init[523]: Cloud-init v. 19.2-36-g059d049c-0ubuntu2~18.04.1 running 'init-local' at Thu, 28 Nov 2019 06:32:12 +0000. Up 6.60 seconds.
[[0;32m  OK  [0m] Started Initial cloud-init job (pre-networking).
[[0;32m  OK  [0m] Reached target Network (Pre).
         Starting Network Service...
[[0;32m  OK  [0m] Started Network Service.
         Starting Network Name Resolution...
         Starting Wait for Network to be Configured...
[[0;32m  OK  [0m] Started Network Name Resolution.
[[0;32m  OK  [0m] Reached target Network.
[[0;32m  OK  [0m] Reached target Host and Network Name Lookups.
[[0;32m  OK  [0m] Started Wait for Network to be Configured.
         Starting Initial cloud-init job (metadata service crawler)...
[    9.167116] cloud-init[699]: Cloud-init v. 19.2-36-g059d049c-0ubuntu2~18.04.1 running 'init' at Thu, 28 Nov 2019 06:32:14 +0000. Up 9.02 seconds.
[    9.172088] cloud-init[699]: ci-info: ++++++++++++++++++++++++++++++++++++++Net device info+++++++++++++++++++++++++++++++++++++++
[    9.177897] cloud-init[699]: ci-info: +--------+------+-----------------------------+---------------+--------+-------------------+
[    9.181957] cloud-init[699]: ci-info: | Device |  Up  |           Address           |      Mask     | Scope  |     Hw-Address    |
[    9.185722] cloud-init[699]: ci-info: +--------+------+-----------------------------+---------------+--------+-------------------+
[    9.189298] cloud-init[699]: ci-info: | enp0s3 | True |          10.0.2.15          | 255.255.255.0 | global | 02:1b:44:23:19:f6 |
[    9.192802] cloud-init[699]: ci-info: | enp0s3 | True |  fe80::1b:44ff:fe23:19f6/64 |       .       |  link  | 02:1b:44:23:19:f6 |
[    9.196356] cloud-init[699]: ci-info: | enp0s8 | True |        192.168.33.10        | 255.255.255.0 | global | 08:00:27:8e:29:dc |
[    9.199871] cloud-init[699]: ci-info: | enp0s8 | True | fe80::a00:27ff:fe8e:29dc/64 |       .       |  link  | 08:00:27:8e:29:dc |
[    9.203042] cloud-init[699]: ci-info: |   lo   | True |          127.0.0.1          |   255.0.0.0   |  host  |         .         |
[    9.206418] cloud-init[699]: ci-info: |   lo   | True |           ::1/128           |       .       |  host  |         .         |
[    9.209807] cloud-init[699]: ci-info: +--------+------+-----------------------------+---------------+--------+-------------------+
[    9.214866] cloud-init[699]: ci-info: +++++++++++++++++++++++++++++Route IPv4 info+++++++++++++++++++++++++++++
[    9.218944] cloud-init[699]: ci-info: +-------+--------------+----------+-----------------+-----------+-------+
[    9.222337] cloud-init[699]: ci-info: | Route | Destination  | Gateway  |     Genmask     | Interface | Flags |
[    9.226402] cloud-init[699]: ci-info: +-------+--------------+----------+-----------------+-----------+-------+
[    9.240688] cloud-init[699]: ci-info: |   0   |   0.0.0.0    | 10.0.2.2 |     0.0.0.0     |   enp0s3  |   UG  |
[    9.245510] cloud-init[699]: ci-info: |   1   |   10.0.2.0   | 0.0.0.0  |  255.255.255.0  |   enp0s3  |   U   |
[    9.249491] cloud-init[699]: ci-info: |   2   |   10.0.2.2   | 0.0.0.0  | 255.255.255.255 |   enp0s3  |   UH  |
[    9.253416] cloud-init[699]: ci-info: |   3   | 192.168.33.0 | 0.0.0.0  |  255.255.255.0  |   enp0s8  |   U   |
[    9.257710] cloud-init[699]: ci-info: +-------+--------------+----------+-----------------+-----------+-------+
[    9.261638] cloud-init[699]: ci-info: +++++++++++++++++++Route IPv6 info+++++++++++++++++++
[    9.264475] cloud-init[699]: ci-info: +-------+-------------+---------+-----------+-------+
[    9.268136] cloud-init[699]: ci-info: | Route | Destination | Gateway | Interface | Flags |
[    9.271699] cloud-init[699]: ci-info: +-------+-------------+---------+-----------+-------+
[    9.284850] cloud-init[699]: ci-info: |   1   |  fe80::/64  |    ::   |   enp0s8  |   U   |
[    9.288254] cloud-init[699]: ci-info: |   2   |  fe80::/64  |    ::   |   enp0s3  |   U   |
[    9.300487] cloud-init[699]: ci-info: |   4   |    local    |    ::   |   enp0s3  |   U   |
[    9.303277] cloud-init[699]: ci-info: |   5   |    local    |    ::   |   enp0s8  |   U   |
[    9.305983] cloud-init[699]: ci-info: |   6   |   ff00::/8  |    ::   |   enp0s8  |   U   |
[    9.307743] cloud-init[699]: ci-info: |   7   |   ff00::/8  |    ::   |   enp0s3  |   U   |
[    9.310151] cloud-init[699]: ci-info: +-------+-------------+---------+-----------+-------+
[[0;32m  OK  [0m] Started Initial cloud-init job (metadata service crawler).
[[0;32m  OK  [0m] Reached target Cloud-config availability.
[[0;32m  OK  [0m] Reached target System Initialization.
         Starting LXD - unix socket.
[[0;32m  OK  [0m] Listening on UUID daemon activation socket.
[[0;32m  OK  [0m] Started Daily apt download activities.
[[0;32m  OK  [0m] Started Daily apt upgrade and clean activities.
[[0;32m  OK  [0m] Started ACPI Events Check.
[[0;32m  OK  [0m] Started Discard unused blocks once a week.
[[0;32m  OK  [0m] Started Daily Cleanup of Temporary Directories.
[[0;32m  OK  [0m] Listening on ACPID Listen Socket.
[[0;32m  OK  [0m] Listening on D-Bus System Message Bus Socket.
[[0;32m  OK  [0m] Listening on Open-iSCSI iscsid Socket.
[[0;32m  OK  [0m] Started Message of the Day.
[[0;32m  OK  [0m] Reached target Paths.
         Starting Socket activation for snappy daemon.
[[0;32m  OK  [0m] Reached target Timers.
[[0;32m  OK  [0m] Reached target Network is Online.
         Starting Availability of block devices...
[[0;32m  OK  [0m] Reached target Remote File Systems (Pre).
[[0;32m  OK  [0m] Reached target Remote File Systems.
[[0;32m  OK  [0m] Listening on LXD - unix socket.
[[0;32m  OK  [0m] Listening on Socket activation for snappy daemon.
[[0;32m  OK  [0m] Started Availability of block devices.
[[0;32m  OK  [0m] Reached target Sockets.
[[0;32m  OK  [0m] Reached target Basic System.
         Starting vboxadd.service...
         Starting Login Service...
         Starting System Logging Service...
         Starting LSB: Record successful boot for GRUB...
         Starting OpenBSD Secure Shell server...
         Starting Accounts Service...
[[0;32m  OK  [0m] Started Deferred execution scheduler.
[[0;32m  OK  [0m] Started FUSE filesystem for LXC.
         Starting Permit User Sessions...
[[0;32m  OK  [0m] Started Regular background program processing daemon.
[[0;32m  OK  [0m] Started D-Bus System Message Bus.
         Starting Message of the Day...
         Starting LXD - container startup/shutdown...
[[0;32m  OK  [0m] Started irqbalance daemon.
         Starting LSB: automatic crash report generation...
         Starting Snappy daemon...
         Starting Dispatcher daemon for systemd-networkd...
[[0;32m  OK  [0m] Started System Logging Service.
[[0;32m  OK  [0m] Started Permit User Sessions.
[[0;32m  OK  [0m] Started Login Service.
[[0;32m  OK  [0m] Started OpenBSD Secure Shell server.
         Starting Authorization Manager...
[[0;32m  OK  [0m] Started Unattended Upgrades Shutdown.
         Starting Terminate Plymouth Boot Screen...
         Starting Hold until boot process finishes up...
[[0;32m  OK  [0m] Started Hold until boot process finishes up.
[[0;32m  OK  [0m] Started Serial Getty on ttyS0.
         Starting Set console scheme...
[[0;32m  OK  [0m] Started Terminate Plymouth Boot Screen.
[[0;32m  OK  [0m] Started Set console scheme.
[[0;32m  OK  [0m] Created slice system-getty.slice.
[[0;32m  OK  [0m] Started Getty on tty1.
[[0;32m  OK  [0m] Reached target Login Prompts.
[[0;32m  OK  [0m] Started Authorization Manager.
[[0;32m  OK  [0m] Started Accounts Service.
[[0;32m  OK  [0m] Started LSB: Record successful boot for GRUB.
[[0;32m  OK  [0m] Started LSB: automatic crash report generation.
[[0;32m  OK  [0m] Started LXD - container startup/shutdown.
[[0;32m  OK  [0m] Started Snappy daemon.
         Starting Wait until snapd is fully seeded...
[[0;32m  OK  [0m] Started Wait until snapd is fully seeded.
         Starting Apply the settings specified in cloud-config...
[[0;32m  OK  [0m] Started Dispatcher daemon for systemd-networkd.
[   11.867838] cloud-init[1106]: Cloud-init v. 19.2-36-g059d049c-0ubuntu2~18.04.1 running 'modules:config' at Thu, 28 Nov 2019 06:32:17 +0000. Up 11.65 seconds.
[[0;32m  OK  [0m] Started Apply the settings specified in cloud-config.
[[0;32m  OK  [0m] Created slice User Slice of vagrant.
         Starting User Manager for UID 1000...
[[0;32m  OK  [0m] Started Session 1 of user vagrant.
[[0;32m  OK  [0m] Started User Manager for UID 1000.
[[0;32m  OK  [0m] Started vboxadd.service.
         Starting vboxadd-service.service...
[[0;32m  OK  [0m] Started vboxadd-service.service.
[[0;32m  OK  [0m] Reached target Multi-User System.
         Starting Execute cloud user/final scripts...
[[0;32m  OK  [0m] Reached target Graphical Interface.
         Starting Update UTMP about System Runlevel Changes...
[[0;32m  OK  [0m] Started Update UTMP about System Runlevel Changes.
[[0;32m  OK  [0m] Started Message of the Day.
[   12.994046] cloud-init[1311]: Cloud-init v. 19.2-36-g059d049c-0ubuntu2~18.04.1 running 'modules:final' at Thu, 28 Nov 2019 06:32:18 +0000. Up 12.85 seconds.
[   12.998634] cloud-init[1311]: Cloud-init v. 19.2-36-g059d049c-0ubuntu2~18.04.1 finished at Thu, 28 Nov 2019 06:32:18 +0000. Datasource DataSourceNoCloud [seed=/dev/sdb][dsmode=net].  Up 12.98 seconds
[[0;32m  OK  [0m] Started Execute cloud user/final scripts.
[[0;32m  OK  [0m] Reached target Cloud-init target.

Ubuntu 18.04.3 LTS ubuntu-bionic ttyS0

ubuntu-bionic login: 